{"Instance": "C1065_064.cnf", "Time": 28.56, "Result": "UNSAT"}
{"Instance": "C1065_082.cnf", "Time": 28.21, "Result": "UNSAT"}
{"Instance": "C140.cnf", "Time": 0.01, "Result": "SAT", "Verification": "Passed"}
{"Instance": "C1597_024.cnf", "Time": "--", "Result": "--"}
{"Instance": "C1597_060.cnf", "Time": "--", "Result": "--"}
{"Instance": "C1597_081.cnf", "Time": "--", "Result": "--"}
{"Instance": "C168_128.cnf", "Time": "--", "Result": "--"}
{"Instance": "C175_145.cnf", "Time": "--", "Result": "--"}
{"Instance": "C181_3151.cnf", "Time": 0.82, "Result": "SAT", "Verification": "Passed"}
{"Instance": "C200_1806.cnf", "Time": "--", "Result": "--"}
{"Instance": "C208_120.cnf", "Time": "--", "Result": "--"}
{"Instance": "C208_3254.cnf", "Time": "--", "Result": "--"}
{"Instance": "C210_30.cnf", "Time": "--", "Result": "--"}
{"Instance": "C210_55.cnf", "Time": "--", "Result": "--"}
{"Instance": "C243_188.cnf", "Time": "--", "Result": "--"}
{"Instance": "C289_179.cnf", "Time": "--", "Result": "--"}
{"Instance": "C459_4675.cnf", "Time": 0.07, "Result": "SAT", "Verification": "Passed"}
{"Instance": "C53_895.cnf", "Time": "--", "Result": "--"}
{"Instance": "U50_1065_038.cnf", "Time": 30.28, "Result": "UNSAT"}
{"Instance": "U50_1065_045.cnf", "Time": 34.46, "Result": "UNSAT"}
{"Instance": "U50_4450_035.cnf", "Time": "--", "Result": "--"}
{"Instance": "U75_1597_024.cnf", "Time": "--", "Result": "--"}
