{"Instance": "C1065_064.cnf", "Time": 23.62, "Result": "UNSAT"}
{"Instance": "C1065_082.cnf", "Time": 21.65, "Result": "UNSAT"}
{"Instance": "C140.cnf", "Time": 0.01, "Result": "SAT", "Verification": "Passed"}
{"Instance": "C1597_024.cnf", "Time": "--", "Result": "--"}
{"Instance": "C1597_060.cnf", "Time": "--", "Result": "--"}
{"Instance": "C1597_081.cnf", "Time": "--", "Result": "--"}
{"Instance": "C168_128.cnf", "Time": 0.54, "Result": "UNSAT"}
{"Instance": "C175_145.cnf", "Time": "--", "Result": "--"}
{"Instance": "C181_3151.cnf", "Time": 0.00, "Result": "SAT", "Verification": "Passed"}
{"Instance": "C200_1806.cnf", "Time": "--", "Result": "--"}
{"Instance": "C208_120.cnf", "Time": 0.10, "Result": "UNSAT"}
{"Instance": "C208_3254.cnf", "Time": 0.02, "Result": "UNSAT"}
{"Instance": "C210_30.cnf", "Time": 1.07, "Result": "UNSAT"}
{"Instance": "C210_55.cnf", "Time": 1.73, "Result": "UNSAT"}
{"Instance": "C243_188.cnf", "Time": "--", "Result": "--"}
{"Instance": "C289_179.cnf", "Time": "--", "Result": "--"}
{"Instance": "C459_4675.cnf", "Time": 0.04, "Result": "SAT", "Verification": "Passed"}
{"Instance": "C53_895.cnf", "Time": "--", "Result": "--"}
{"Instance": "U50_1065_038.cnf", "Time": 21.50, "Result": "UNSAT"}
{"Instance": "U50_1065_045.cnf", "Time": 19.91, "Result": "UNSAT"}
{"Instance": "U50_4450_035.cnf", "Time": 33.99, "Result": "SAT", "Verification": "Passed"}
{"Instance": "U75_1597_024.cnf", "Time": "--", "Result": "--"}
