{"Instance": "C1065_064.cnf", "Time": 2.91, "Result": "UNSAT"}
{"Instance": "C1065_082.cnf", "Time": 2.32, "Result": "UNSAT"}
{"Instance": "C140.cnf", "Time": 0.03, "Result": "SAT", "Verification": "Passed"}
{"Instance": "C1597_024.cnf", "Time": 124.83, "Result": "SAT", "Verification": "Passed"}
{"Instance": "C1597_060.cnf", "Time": 92.16, "Result": "SAT", "Verification": "Passed"}
{"Instance": "C1597_081.cnf", "Time": 104.63, "Result": "SAT", "Verification": "Passed"}
{"Instance": "C168_128.cnf", "Time": 0.17, "Result": "UNSAT"}
{"Instance": "C175_145.cnf", "Time": "--", "Result": "--"}
{"Instance": "C181_3151.cnf", "Time": 0.01, "Result": "SAT", "Verification": "Passed"}
{"Instance": "C200_1806.cnf", "Time": "--", "Result": "--"}
{"Instance": "C208_120.cnf", "Time": 0.03, "Result": "UNSAT"}
{"Instance": "C208_3254.cnf", "Time": 0.06, "Result": "UNSAT"}
{"Instance": "C210_30.cnf", "Time": 0.31, "Result": "UNSAT"}
{"Instance": "C210_55.cnf", "Time": 0.27, "Result": "UNSAT"}
{"Instance": "C243_188.cnf", "Time": "--", "Result": "--"}
{"Instance": "C289_179.cnf", "Time": "--", "Result": "--"}
{"Instance": "C459_4675.cnf", "Time": 0.11, "Result": "SAT", "Verification": "Passed"}
{"Instance": "C53_895.cnf", "Time": "--", "Result": "--"}
{"Instance": "U50_1065_038.cnf", "Time": 2.09, "Result": "UNSAT"}
{"Instance": "U50_1065_045.cnf", "Time": 2.45, "Result": "UNSAT"}
{"Instance": "U50_4450_035.cnf", "Time": 226.29, "Result": "SAT", "Verification": "Passed"}
{"Instance": "U75_1597_024.cnf", "Time": 177.06, "Result": "SAT", "Verification": "Passed"}
