{"Instance": "C1065_064.cnf", "Time": 14.30, "Result": "UNSAT"}
{"Instance": "C1065_082.cnf", "Time": 7.58, "Result": "UNSAT"}
{"Instance": "C140.cnf", "Time": 0.11, "Result": "SAT", "Verification": "Passed"}
{"Instance": "C1597_024.cnf", "Time": "--", "Result": "--"}
{"Instance": "C1597_060.cnf", "Time": 152.38, "Result": "SAT", "Verification": "Passed"}
{"Instance": "C1597_081.cnf", "Time": 162.12, "Result": "SAT", "Verification": "Passed"}
{"Instance": "C168_128.cnf", "Time": "--", "Result": "--"}
{"Instance": "C175_145.cnf", "Time": "--", "Result": "--"}
{"Instance": "C181_3151.cnf", "Time": 21.56, "Result": "SAT", "Verification": "Passed"}
{"Instance": "C200_1806.cnf", "Time": "--", "Result": "--"}
{"Instance": "C208_120.cnf", "Time": 0.42, "Result": "UNSAT"}
{"Instance": "C208_3254.cnf", "Time": 91.21, "Result": "UNSAT"}
{"Instance": "C210_30.cnf", "Time": 176.06, "Result": "UNSAT"}
{"Instance": "C210_55.cnf", "Time": "--", "Result": "--"}
{"Instance": "C243_188.cnf", "Time": "--", "Result": "--"}
{"Instance": "C289_179.cnf", "Time": "--", "Result": "--"}
{"Instance": "C459_4675.cnf", "Time": 0.13, "Result": "SAT", "Verification": "Passed"}
{"Instance": "C53_895.cnf", "Time": "--", "Result": "--"}
{"Instance": "U50_1065_038.cnf", "Time": 6.50, "Result": "UNSAT"}
{"Instance": "U50_1065_045.cnf", "Time": 8.35, "Result": "UNSAT"}
{"Instance": "U50_4450_035.cnf", "Time": 296.55, "Result": "SAT", "Verification": "Passed"}
{"Instance": "U75_1597_024.cnf", "Time": 181.88, "Result": "SAT", "Verification": "Passed"}
