{"Instance": "C1065_064.cnf", "Time": 5.46, "Result": "UNSAT"}
{"Instance": "C1065_082.cnf", "Time": 5.48, "Result": "UNSAT"}
{"Instance": "C140.cnf", "Time": 0.11, "Result": "SAT", "Verification": "Passed"}
{"Instance": "C1597_024.cnf", "Time": 193.79, "Result": "SAT", "Verification": "Passed"}
{"Instance": "C1597_060.cnf", "Time": 62.94, "Result": "SAT", "Verification": "Passed"}
{"Instance": "C1597_081.cnf", "Time": 9.60, "Result": "SAT", "Verification": "Passed"}
{"Instance": "C168_128.cnf", "Time": 0.77, "Result": "UNSAT"}
{"Instance": "C175_145.cnf", "Time": "--", "Result": "--"}
{"Instance": "C181_3151.cnf", "Time": 0.94, "Result": "SAT", "Verification": "Passed"}
{"Instance": "C200_1806.cnf", "Time": 252.16, "Result": "SAT", "Verification": "Failed"}
{"Instance": "C208_120.cnf", "Time": 0.14, "Result": "UNSAT"}
{"Instance": "C208_3254.cnf", "Time": 0.16, "Result": "UNSAT"}
{"Instance": "C210_30.cnf", "Time": 1.24, "Result": "UNSAT"}
{"Instance": "C210_55.cnf", "Time": 1.47, "Result": "UNSAT"}
{"Instance": "C243_188.cnf", "Time": "--", "Result": "--"}
{"Instance": "C289_179.cnf", "Time": 7.92, "Result": "SAT", "Verification": "Failed"}
{"Instance": "C459_4675.cnf", "Time": 0.12, "Result": "SAT", "Verification": "Passed"}
{"Instance": "C53_895.cnf", "Time": 46.74, "Result": "SAT", "Verification": "Failed"}
{"Instance": "U50_1065_038.cnf", "Time": 5.37, "Result": "UNSAT"}
{"Instance": "U50_1065_045.cnf", "Time": 4.76, "Result": "UNSAT"}
{"Instance": "U50_4450_035.cnf", "Time": 122.39, "Result": "SAT", "Verification": "Passed"}
{"Instance": "U75_1597_024.cnf", "Time": 12.93, "Result": "SAT", "Verification": "Passed"}
