{"Instance": "C1065_064.cnf", "Time": 2.99, "Result": "UNSAT"}
{"Instance": "C1065_082.cnf", "Time": 2.58, "Result": "UNSAT"}
{"Instance": "C140.cnf", "Time": 0.01, "Result": "SAT", "Verification": "Passed"}
{"Instance": "C1597_024.cnf", "Time": 112.05, "Result": "SAT", "Verification": "Passed"}
{"Instance": "C1597_060.cnf", "Time": 11.64, "Result": "SAT", "Verification": "Passed"}
{"Instance": "C1597_081.cnf", "Time": 108.76, "Result": "SAT", "Verification": "Passed"}
{"Instance": "C168_128.cnf", "Time": 0.98, "Result": "UNSAT"}
{"Instance": "C175_145.cnf", "Time": "--", "Result": "--"}
{"Instance": "C181_3151.cnf", "Time": 0.25, "Result": "SAT", "Verification": "Passed"}
{"Instance": "C200_1806.cnf", "Time": "--", "Result": "--"}
{"Instance": "C208_120.cnf", "Time": 0.02, "Result": "UNSAT"}
{"Instance": "C208_3254.cnf", "Time": 0.03, "Result": "UNSAT"}
{"Instance": "C210_30.cnf", "Time": 1.21, "Result": "UNSAT"}
{"Instance": "C210_55.cnf", "Time": 1.13, "Result": "UNSAT"}
{"Instance": "C243_188.cnf", "Time": "--", "Result": "--"}
{"Instance": "C289_179.cnf", "Time": "--", "Result": "--"}
{"Instance": "C459_4675.cnf", "Time": 0.04, "Result": "SAT", "Verification": "Passed"}
{"Instance": "C53_895.cnf", "Time": "--", "Result": "--"}
{"Instance": "U50_1065_038.cnf", "Time": 1.61, "Result": "UNSAT"}
{"Instance": "U50_1065_045.cnf", "Time": 1.74, "Result": "UNSAT"}
{"Instance": "U50_4450_035.cnf", "Time": "--", "Result": "--"}
{"Instance": "U75_1597_024.cnf", "Time": 108.57, "Result": "SAT", "Verification": "Passed"}
