{"Instance": "C1065_064.cnf", "Time": 2.76, "Result": "UNSAT"}
{"Instance": "C1065_082.cnf", "Time": 1.90, "Result": "UNSAT"}
{"Instance": "C140.cnf", "Time": 0.06, "Result": "SAT", "Verification": "Passed"}
{"Instance": "C1597_024.cnf", "Time": "--", "Result": "--"}
{"Instance": "C1597_060.cnf", "Time": 142.10, "Result": "SAT", "Verification": "Passed"}
{"Instance": "C1597_081.cnf", "Time": 233.92, "Result": "SAT", "Verification": "Passed"}
{"Instance": "C168_128.cnf", "Time": 0.71, "Result": "UNSAT"}
{"Instance": "C175_145.cnf", "Time": "--", "Result": "--"}
{"Instance": "C181_3151.cnf", "Time": 0.13, "Result": "SAT", "Verification": "Passed"}
{"Instance": "C200_1806.cnf", "Time": "--", "Result": "--"}
{"Instance": "C208_120.cnf", "Time": 0.07, "Result": "UNSAT"}
{"Instance": "C208_3254.cnf", "Time": 0.09, "Result": "UNSAT"}
{"Instance": "C210_30.cnf", "Time": 0.32, "Result": "UNSAT"}
{"Instance": "C210_55.cnf", "Time": 0.25, "Result": "UNSAT"}
{"Instance": "C243_188.cnf", "Time": "--", "Result": "--"}
{"Instance": "C289_179.cnf", "Time": "--", "Result": "--"}
{"Instance": "C459_4675.cnf", "Time": 0.15, "Result": "SAT", "Verification": "Passed"}
{"Instance": "C53_895.cnf", "Time": "--", "Result": "--"}
{"Instance": "U50_1065_038.cnf", "Time": 1.95, "Result": "UNSAT"}
{"Instance": "U50_1065_045.cnf", "Time": 2.10, "Result": "UNSAT"}
{"Instance": "U50_4450_035.cnf", "Time": "--", "Result": "--"}
{"Instance": "U75_1597_024.cnf", "Time": "--", "Result": "--"}
